<?xml version="1.0" encoding="UTF-8"?>
<!-- Generated by org.testng.reporters.JUnitXMLReporter -->
<testsuite ignored="0" hostname="DESKTOP-LLUJAUH" failures="0" tests="5" name="Default test" time="7.831" errors="0" timestamp="2021-09-25T18:03:38 EDT">
  <testcase classname="LoginPage" name="correctId_correctPass" time="3.512"/>
  <testcase classname="LoginPage" name="correctId_wrongPass" time="1.963"/>
  <testcase classname="LoginPage" name="correctPass_wrongId" time="0.683"/>
  <testcase classname="LoginPage" name="passwordEmpty" time="0.702"/>
  <testcase classname="LoginPage" name="userIdEmpty" time="0.928"/>
</testsuite> <!-- Default test -->
