<?xml version="1.0" encoding="UTF-8"?>
<testng-results ignored="0" total="5" passed="5" failed="0" skipped="0">
  <reporter-output>
  </reporter-output>
  <suite started-at="2021-09-25T18:03:30 EDT" name="Default suite" finished-at="2021-09-25T18:03:38 EDT" duration-ms="7831">
    <groups>
    </groups>
    <test started-at="2021-09-25T18:03:30 EDT" name="Default test" finished-at="2021-09-25T18:03:38 EDT" duration-ms="7831">
      <class name="LoginPage">
        <test-method signature="correctId_correctPass()[pri:0, instance:LoginPage@3246fb96]" started-at="2021-09-25T18:03:30 EDT" name="correctId_correctPass" finished-at="2021-09-25T18:03:34 EDT" duration-ms="3512" status="PASS">
          <reporter-output>
          </reporter-output>
        </test-method> <!-- correctId_correctPass -->
        <test-method signature="correctId_wrongPass()[pri:0, instance:LoginPage@3246fb96]" started-at="2021-09-25T18:03:34 EDT" name="correctId_wrongPass" finished-at="2021-09-25T18:03:36 EDT" duration-ms="1963" status="PASS">
          <reporter-output>
          </reporter-output>
        </test-method> <!-- correctId_wrongPass -->
        <test-method signature="correctPass_wrongId()[pri:0, instance:LoginPage@3246fb96]" started-at="2021-09-25T18:03:36 EDT" name="correctPass_wrongId" finished-at="2021-09-25T18:03:37 EDT" duration-ms="683" status="PASS">
          <reporter-output>
          </reporter-output>
        </test-method> <!-- correctPass_wrongId -->
        <test-method signature="passwordEmpty()[pri:0, instance:LoginPage@3246fb96]" started-at="2021-09-25T18:03:37 EDT" name="passwordEmpty" finished-at="2021-09-25T18:03:37 EDT" duration-ms="702" status="PASS">
          <reporter-output>
          </reporter-output>
        </test-method> <!-- passwordEmpty -->
        <test-method signature="userIdEmpty()[pri:0, instance:LoginPage@3246fb96]" started-at="2021-09-25T18:03:37 EDT" name="userIdEmpty" finished-at="2021-09-25T18:03:38 EDT" duration-ms="928" status="PASS">
          <reporter-output>
          </reporter-output>
        </test-method> <!-- userIdEmpty -->
      </class> <!-- LoginPage -->
    </test> <!-- Default test -->
  </suite> <!-- Default suite -->
</testng-results>
